0 info it worked if it ends with ok
1 verbose cli [ '/usr/bin/nodejs', '/usr/bin/npm', 'install' ]
2 info using npm@1.3.10
3 info using node@v0.10.25
4 warn package.json admin@0.0.0 No repository field.
5 verbose readDependencies using package.json deps
6 verbose install where, deps [ '/home/seba-1511/Dropbox/Dev/tooski/admin',
6 verbose install   [ 'grunt',
6 verbose install     'grunt-autoprefixer',
6 verbose install     'grunt-bower-install',
6 verbose install     'grunt-concurrent',
6 verbose install     'grunt-contrib-clean',
6 verbose install     'grunt-contrib-coffee',
6 verbose install     'grunt-contrib-compass',
6 verbose install     'grunt-contrib-concat',
6 verbose install     'grunt-contrib-connect',
6 verbose install     'grunt-contrib-copy',
6 verbose install     'grunt-contrib-cssmin',
6 verbose install     'grunt-contrib-htmlmin',
6 verbose install     'grunt-contrib-imagemin',
6 verbose install     'grunt-contrib-jshint',
6 verbose install     'grunt-contrib-uglify',
6 verbose install     'grunt-contrib-watch',
6 verbose install     'grunt-google-cdn',
6 verbose install     'grunt-newer',
6 verbose install     'grunt-ngmin',
6 verbose install     'grunt-rev',
6 verbose install     'grunt-svgmin',
6 verbose install     'grunt-usemin',
6 verbose install     'jshint-stylish',
6 verbose install     'load-grunt-tasks',
6 verbose install     'time-grunt',
6 verbose install     'karma-ng-scenario',
6 verbose install     'grunt-karma',
6 verbose install     'karma-script-launcher',
6 verbose install     'karma-chrome-launcher',
6 verbose install     'karma-firefox-launcher',
6 verbose install     'karma-html2js-preprocessor',
6 verbose install     'karma-jasmine',
6 verbose install     'karma-coffee-preprocessor',
6 verbose install     'requirejs',
6 verbose install     'karma-requirejs',
6 verbose install     'karma-phantomjs-launcher',
6 verbose install     'karma',
6 verbose install     'karma-ng-html2js-preprocessor' ] ]
7 info preinstall admin@0.0.0
8 verbose readDependencies using package.json deps
9 verbose already installed skipping grunt-bower-install@~0.7.0 /home/seba-1511/Dropbox/Dev/tooski/admin
10 verbose already installed skipping grunt-concurrent@~0.4.1 /home/seba-1511/Dropbox/Dev/tooski/admin
11 verbose already installed skipping grunt-contrib-clean@~0.5.0 /home/seba-1511/Dropbox/Dev/tooski/admin
12 verbose already installed skipping grunt-contrib-coffee@~0.7.0 /home/seba-1511/Dropbox/Dev/tooski/admin
13 verbose already installed skipping grunt-contrib-compass@~0.6.0 /home/seba-1511/Dropbox/Dev/tooski/admin
14 verbose already installed skipping grunt-contrib-concat@~0.3.0 /home/seba-1511/Dropbox/Dev/tooski/admin
15 verbose already installed skipping grunt-contrib-connect@~0.5.0 /home/seba-1511/Dropbox/Dev/tooski/admin
16 verbose already installed skipping grunt-contrib-copy@~0.4.1 /home/seba-1511/Dropbox/Dev/tooski/admin
17 verbose already installed skipping grunt-contrib-cssmin@~0.7.0 /home/seba-1511/Dropbox/Dev/tooski/admin
18 verbose already installed skipping grunt-contrib-htmlmin@~0.1.3 /home/seba-1511/Dropbox/Dev/tooski/admin
19 verbose already installed skipping grunt-contrib-imagemin@~0.3.0 /home/seba-1511/Dropbox/Dev/tooski/admin
20 verbose already installed skipping grunt-contrib-uglify@~0.2.0 /home/seba-1511/Dropbox/Dev/tooski/admin
21 verbose already installed skipping grunt-contrib-jshint@~0.7.1 /home/seba-1511/Dropbox/Dev/tooski/admin
22 verbose already installed skipping grunt-contrib-watch@~0.5.2 /home/seba-1511/Dropbox/Dev/tooski/admin
23 verbose already installed skipping grunt-google-cdn@~0.2.0 /home/seba-1511/Dropbox/Dev/tooski/admin
24 verbose already installed skipping grunt-newer@~0.5.4 /home/seba-1511/Dropbox/Dev/tooski/admin
25 verbose already installed skipping grunt-ngmin@~0.0.2 /home/seba-1511/Dropbox/Dev/tooski/admin
26 verbose already installed skipping grunt-rev@~0.1.0 /home/seba-1511/Dropbox/Dev/tooski/admin
27 verbose already installed skipping grunt-svgmin@~0.2.0 /home/seba-1511/Dropbox/Dev/tooski/admin
28 verbose already installed skipping grunt-usemin@~2.0.0 /home/seba-1511/Dropbox/Dev/tooski/admin
29 verbose already installed skipping jshint-stylish@~0.1.3 /home/seba-1511/Dropbox/Dev/tooski/admin
30 verbose already installed skipping time-grunt@~0.2.1 /home/seba-1511/Dropbox/Dev/tooski/admin
31 verbose already installed skipping load-grunt-tasks@~0.2.0 /home/seba-1511/Dropbox/Dev/tooski/admin
32 verbose already installed skipping karma-ng-scenario@~0.1.0 /home/seba-1511/Dropbox/Dev/tooski/admin
33 verbose already installed skipping grunt-karma@~0.8.2 /home/seba-1511/Dropbox/Dev/tooski/admin
34 verbose already installed skipping karma-script-launcher@~0.1.0 /home/seba-1511/Dropbox/Dev/tooski/admin
35 verbose already installed skipping karma-chrome-launcher@~0.1.2 /home/seba-1511/Dropbox/Dev/tooski/admin
36 verbose already installed skipping karma-firefox-launcher@~0.1.3 /home/seba-1511/Dropbox/Dev/tooski/admin
37 verbose already installed skipping karma-html2js-preprocessor@~0.1.0 /home/seba-1511/Dropbox/Dev/tooski/admin
38 verbose already installed skipping karma-jasmine@~0.1.5 /home/seba-1511/Dropbox/Dev/tooski/admin
39 verbose already installed skipping requirejs@~2.1.10 /home/seba-1511/Dropbox/Dev/tooski/admin
40 verbose already installed skipping karma-coffee-preprocessor@~0.1.2 /home/seba-1511/Dropbox/Dev/tooski/admin
41 verbose already installed skipping karma-requirejs@~0.2.1 /home/seba-1511/Dropbox/Dev/tooski/admin
42 verbose already installed skipping karma-phantomjs-launcher@~0.1.1 /home/seba-1511/Dropbox/Dev/tooski/admin
43 verbose already installed skipping karma@~0.10.9 /home/seba-1511/Dropbox/Dev/tooski/admin
44 verbose already installed skipping karma-ng-html2js-preprocessor@~0.1.0 /home/seba-1511/Dropbox/Dev/tooski/admin
45 verbose already installed skipping grunt@~0.4.1 /home/seba-1511/Dropbox/Dev/tooski/admin
46 verbose already installed skipping grunt-autoprefixer@~0.4.0 /home/seba-1511/Dropbox/Dev/tooski/admin
47 silly resolved []
48 info build /home/seba-1511/Dropbox/Dev/tooski/admin
49 verbose linkStuff [ false, false, false, '/home/seba-1511/Dropbox/Dev/tooski' ]
50 info linkStuff admin@0.0.0
51 verbose linkBins admin@0.0.0
52 verbose linkMans admin@0.0.0
53 verbose rebuildBundles admin@0.0.0
54 verbose rebuildBundles [ '.bin',
54 verbose rebuildBundles   'grunt',
54 verbose rebuildBundles   'grunt-autoprefixer',
54 verbose rebuildBundles   'grunt-bower-install',
54 verbose rebuildBundles   'grunt-concurrent',
54 verbose rebuildBundles   'grunt-contrib-clean',
54 verbose rebuildBundles   'grunt-contrib-coffee',
54 verbose rebuildBundles   'grunt-contrib-compass',
54 verbose rebuildBundles   'grunt-contrib-concat',
54 verbose rebuildBundles   'grunt-contrib-connect',
54 verbose rebuildBundles   'grunt-contrib-copy',
54 verbose rebuildBundles   'grunt-contrib-cssmin',
54 verbose rebuildBundles   'grunt-contrib-htmlmin',
54 verbose rebuildBundles   'grunt-contrib-imagemin',
54 verbose rebuildBundles   'grunt-contrib-jshint',
54 verbose rebuildBundles   'grunt-contrib-uglify',
54 verbose rebuildBundles   'grunt-contrib-watch',
54 verbose rebuildBundles   'grunt-google-cdn',
54 verbose rebuildBundles   'grunt-karma',
54 verbose rebuildBundles   'grunt-newer',
54 verbose rebuildBundles   'grunt-ngmin',
54 verbose rebuildBundles   'grunt-rev',
54 verbose rebuildBundles   'grunt-svgmin',
54 verbose rebuildBundles   'grunt-usemin',
54 verbose rebuildBundles   'jshint-stylish',
54 verbose rebuildBundles   'karma',
54 verbose rebuildBundles   'karma-chrome-launcher',
54 verbose rebuildBundles   'karma-coffee-preprocessor',
54 verbose rebuildBundles   'karma-firefox-launcher',
54 verbose rebuildBundles   'karma-html2js-preprocessor',
54 verbose rebuildBundles   'karma-jasmine',
54 verbose rebuildBundles   'karma-ng-html2js-preprocessor',
54 verbose rebuildBundles   'karma-ng-scenario',
54 verbose rebuildBundles   'karma-phantomjs-launcher',
54 verbose rebuildBundles   'karma-requirejs',
54 verbose rebuildBundles   'karma-script-launcher',
54 verbose rebuildBundles   'load-grunt-tasks',
54 verbose rebuildBundles   'requirejs',
54 verbose rebuildBundles   'time-grunt' ]
55 info install admin@0.0.0
56 info postinstall admin@0.0.0
57 info prepublish admin@0.0.0
58 error peerinvalid The package karma does not satisfy its siblings' peerDependencies requirements!
58 error peerinvalid Peer karma-ng-scenario@0.1.0 wants karma@>=0.9
58 error peerinvalid Peer grunt-karma@0.8.3 wants karma@~0.12.0
58 error peerinvalid Peer karma-script-launcher@0.1.0 wants karma@>=0.9
58 error peerinvalid Peer karma-chrome-launcher@0.1.4 wants karma@>=0.9.3
58 error peerinvalid Peer karma-firefox-launcher@0.1.3 wants karma@>=0.9
58 error peerinvalid Peer karma-html2js-preprocessor@0.1.0 wants karma@>=0.9
58 error peerinvalid Peer karma-jasmine@0.1.5 wants karma@>=0.9
58 error peerinvalid Peer karma-coffee-preprocessor@0.1.3 wants karma@>=0.9
58 error peerinvalid Peer karma-requirejs@0.2.2 wants karma@>=0.9
58 error peerinvalid Peer karma-phantomjs-launcher@0.1.4 wants karma@>=0.9
58 error peerinvalid Peer karma-ng-html2js-preprocessor@0.1.0 wants karma@>=0.9
59 error System Linux 3.13.0-24-generic
60 error command "/usr/bin/nodejs" "/usr/bin/npm" "install"
61 error cwd /home/seba-1511/Dropbox/Dev/tooski/admin
62 error node -v v0.10.25
63 error npm -v 1.3.10
64 error code EPEERINVALID
65 verbose exit [ 1, true ]
